{"contracts/CounterfactualApp.sol":{"l":{"29":23,"33":19,"34":19,"35":19,"39":8,"43":8,"47":25,"51":24,"59":16,"60":16,"61":16,"72":16,"73":16,"74":16,"76":16,"88":27,"89":27,"90":27,"91":27,"92":27,"94":27,"101":16,"112":33,"129":3,"143":0,"156":14,"168":5,"176":1,"177":1,"181":1,"183":1,"184":1,"195":1,"196":1,"197":1,"200":1,"201":1,"208":30},"path":"/Users/liam/cf/code/counterfactual/packages/ethereum/contracts/CounterfactualApp.sol","s":{"1":23,"2":19,"3":19,"4":8,"5":25,"6":16,"7":16,"8":16,"9":16,"10":16,"11":16,"12":27,"13":27,"14":27,"15":27,"16":27,"17":27,"18":16,"19":33,"20":3,"21":0,"22":14,"23":5,"24":1,"25":1,"26":1,"27":1,"28":1,"29":1,"30":1,"31":1,"32":1,"33":1,"34":30},"b":{"1":[19,4],"2":[8,0],"3":[24,1],"4":[16,0],"5":[16,0],"6":[1,0],"7":[1,0]},"f":{"1":23,"2":8,"3":25,"4":16,"5":27,"6":16,"7":33,"8":3,"9":0,"10":14,"11":5,"12":1,"13":1,"14":30},"fnMap":{"1":{"name":"validNonceUpdate","line":28,"loc":{"start":{"line":28,"column":1},"end":{"line":28,"column":42}}},"2":{"name":"validOwnerUpdate","line":38,"loc":{"start":{"line":38,"column":1},"end":{"line":38,"column":29}}},"3":{"name":"appNotFinished","line":46,"loc":{"start":{"line":46,"column":1},"end":{"line":46,"column":27}}},"4":{"name":"validSignature","line":54,"loc":{"start":{"line":54,"column":1},"end":{"line":58,"column":4}}},"5":{"name":"instantiate","line":79,"loc":{"start":{"line":79,"column":1},"end":{"line":87,"column":2}}},"6":{"name":"getAppState","line":97,"loc":{"start":{"line":97,"column":1},"end":{"line":101,"column":2}}},"7":{"name":"getUpdateHash","line":105,"loc":{"start":{"line":105,"column":1},"end":{"line":113,"column":2}}},"8":{"name":"getFinalizeHash","line":124,"loc":{"start":{"line":124,"column":1},"end":{"line":131,"column":2}}},"9":{"name":"getLatestNonce","line":142,"loc":{"start":{"line":142,"column":1},"end":{"line":146,"column":2}}},"10":{"name":"setStateWithSigningKeys","line":150,"loc":{"start":{"line":150,"column":1},"end":{"line":159,"column":2}}},"11":{"name":"setStateAsOwner","line":163,"loc":{"start":{"line":163,"column":1},"end":{"line":171,"column":2}}},"12":{"name":"finalizeAsOwner","line":175,"loc":{"start":{"line":175,"column":1},"end":{"line":179,"column":2}}},"13":{"name":"finalizeWithSigningKeys","line":184,"loc":{"start":{"line":184,"column":1},"end":{"line":184,"column":62}}},"14":{"name":"isFinal","line":208,"loc":{"start":{"line":208,"column":1},"end":{"line":212,"column":2}}}},"statementMap":{"1":{"start":{"line":29,"column":2},"end":{"line":29,"column":535}},"2":{"start":{"line":34,"column":2},"end":{"line":34,"column":20}},"3":{"start":{"line":35,"column":2},"end":{"line":35,"column":44}},"4":{"start":{"line":39,"column":2},"end":{"line":39,"column":724}},"5":{"start":{"line":47,"column":2},"end":{"line":47,"column":849}},"6":{"start":{"line":59,"column":2},"end":{"line":59,"column":54}},"7":{"start":{"line":60,"column":2},"end":{"line":60,"column":32}},"8":{"start":{"line":61,"column":2},"end":{"line":61,"column":1140}},"9":{"start":{"line":72,"column":3},"end":{"line":72,"column":28}},"10":{"start":{"line":73,"column":3},"end":{"line":73,"column":39}},"11":{"start":{"line":74,"column":3},"end":{"line":74,"column":30}},"12":{"start":{"line":88,"column":2},"end":{"line":88,"column":27}},"13":{"start":{"line":89,"column":2},"end":{"line":89,"column":15}},"14":{"start":{"line":90,"column":2},"end":{"line":90,"column":29}},"15":{"start":{"line":91,"column":2},"end":{"line":91,"column":9}},"16":{"start":{"line":92,"column":2},"end":{"line":92,"column":21}},"17":{"start":{"line":94,"column":2},"end":{"line":94,"column":44}},"18":{"start":{"line":102,"column":2},"end":{"line":102,"column":17}},"19":{"start":{"line":114,"column":2},"end":{"line":114,"column":2097}},"20":{"start":{"line":132,"column":2},"end":{"line":132,"column":2294}},"21":{"start":{"line":147,"column":2},"end":{"line":147,"column":20}},"22":{"start":{"line":160,"column":2},"end":{"line":160,"column":17}},"23":{"start":{"line":172,"column":2},"end":{"line":172,"column":17}},"24":{"start":{"line":180,"column":2},"end":{"line":180,"column":25}},"25":{"start":{"line":181,"column":2},"end":{"line":181,"column":28}},"26":{"start":{"line":185,"column":2},"end":{"line":185,"column":54}},"27":{"start":{"line":187,"column":2},"end":{"line":187,"column":32}},"28":{"start":{"line":188,"column":2},"end":{"line":188,"column":3158}},"29":{"start":{"line":199,"column":3},"end":{"line":199,"column":30}},"30":{"start":{"line":200,"column":3},"end":{"line":200,"column":39}},"31":{"start":{"line":201,"column":3},"end":{"line":201,"column":30}},"32":{"start":{"line":204,"column":2},"end":{"line":204,"column":25}},"33":{"start":{"line":205,"column":2},"end":{"line":205,"column":28}},"34":{"start":{"line":213,"column":2},"end":{"line":213,"column":60}}},"branchMap":{"1":{"line":29,"type":"if","locations":[{"start":{"line":29,"column":2},"end":{"line":29,"column":2}},{"start":{"line":29,"column":2},"end":{"line":29,"column":2}}]},"2":{"line":39,"type":"if","locations":[{"start":{"line":39,"column":2},"end":{"line":39,"column":2}},{"start":{"line":39,"column":2},"end":{"line":39,"column":2}}]},"3":{"line":47,"type":"if","locations":[{"start":{"line":47,"column":2},"end":{"line":47,"column":2}},{"start":{"line":47,"column":2},"end":{"line":47,"column":2}}]},"4":{"line":72,"type":"if","locations":[{"start":{"line":72,"column":3},"end":{"line":72,"column":3}},{"start":{"line":72,"column":3},"end":{"line":72,"column":3}}]},"5":{"line":73,"type":"if","locations":[{"start":{"line":73,"column":3},"end":{"line":73,"column":3}},{"start":{"line":73,"column":3},"end":{"line":73,"column":3}}]},"6":{"line":199,"type":"if","locations":[{"start":{"line":199,"column":3},"end":{"line":199,"column":3}},{"start":{"line":199,"column":3},"end":{"line":199,"column":3}}]},"7":{"line":200,"type":"if","locations":[{"start":{"line":200,"column":3},"end":{"line":200,"column":3}},{"start":{"line":200,"column":3},"end":{"line":200,"column":3}}]}}},"contracts/ICounterfactualApp.sol":{"l":{},"path":"/Users/liam/cf/code/counterfactual/packages/ethereum/contracts/ICounterfactualApp.sol","s":{},"b":{},"f":{},"fnMap":{},"statementMap":{},"branchMap":{}},"contracts/lib/IERC20Token.sol":{"l":{},"path":"/Users/liam/cf/code/counterfactual/packages/ethereum/contracts/lib/IERC20Token.sol","s":{},"b":{},"f":{},"fnMap":{},"statementMap":{},"branchMap":{}},"contracts/modules/MetachannelModule.sol":{"l":{"28":4,"29":4,"30":4,"31":4,"32":4,"39":4,"41":4,"46":4,"47":4,"48":2,"50":2,"52":0,"60":4,"65":4,"73":4,"82":4,"90":4,"97":4},"path":"/Users/liam/cf/code/counterfactual/packages/ethereum/contracts/modules/MetachannelModule.sol","s":{"1":4,"2":4,"3":4,"4":4,"5":4,"6":4,"7":4,"8":4,"9":2,"10":2,"11":2,"12":0,"13":4,"14":4,"15":4,"16":4,"17":4,"18":4},"b":{"1":[4,0],"2":[2,2],"3":[2,0],"4":[4,0]},"f":{"1":4,"2":4,"3":4},"fnMap":{"1":{"name":null,"line":19,"loc":{"start":{"line":19,"column":1},"end":{"line":27,"column":2}}},"2":{"name":"interpret","line":35,"loc":{"start":{"line":35,"column":1},"end":{"line":39,"column":2}}},"3":{"name":"interpretAsBytes","line":94,"loc":{"start":{"line":94,"column":1},"end":{"line":98,"column":2}}}},"statementMap":{"1":{"start":{"line":28,"column":2},"end":{"line":28,"column":25}},"2":{"start":{"line":29,"column":2},"end":{"line":29,"column":37}},"3":{"start":{"line":30,"column":2},"end":{"line":30,"column":47}},"4":{"start":{"line":31,"column":2},"end":{"line":31,"column":52}},"5":{"start":{"line":32,"column":2},"end":{"line":32,"column":64}},"6":{"start":{"line":40,"column":2},"end":{"line":40,"column":66}},"7":{"start":{"line":42,"column":2},"end":{"line":42,"column":1083}},"8":{"start":{"line":48,"column":2},"end":{"line":48,"column":1289}},"9":{"start":{"line":49,"column":3},"end":{"line":49,"column":17}},"10":{"start":{"line":50,"column":7},"end":{"line":50,"column":1360}},"11":{"start":{"line":51,"column":3},"end":{"line":51,"column":17}},"12":{"start":{"line":53,"column":3},"end":{"line":53,"column":77}},"13":{"start":{"line":61,"column":2},"end":{"line":61,"column":1620}},"14":{"start":{"line":66,"column":2},"end":{"line":66,"column":1805}},"15":{"start":{"line":74,"column":2},"end":{"line":74,"column":1967}},"16":{"start":{"line":83,"column":2},"end":{"line":83,"column":2184}},"17":{"start":{"line":91,"column":2},"end":{"line":91,"column":12}},"18":{"start":{"line":99,"column":2},"end":{"line":99,"column":40}}},"branchMap":{"1":{"line":42,"type":"if","locations":[{"start":{"line":42,"column":2},"end":{"line":42,"column":2}},{"start":{"line":42,"column":2},"end":{"line":42,"column":2}}]},"2":{"line":48,"type":"if","locations":[{"start":{"line":48,"column":2},"end":{"line":48,"column":2}},{"start":{"line":48,"column":2},"end":{"line":48,"column":2}}]},"3":{"line":50,"type":"if","locations":[{"start":{"line":50,"column":7},"end":{"line":50,"column":7}},{"start":{"line":50,"column":7},"end":{"line":50,"column":7}}]},"4":{"line":61,"type":"if","locations":[{"start":{"line":61,"column":2},"end":{"line":61,"column":2}},{"start":{"line":61,"column":2},"end":{"line":61,"column":2}}]}}},"contracts/modules/TicTacToeModule.sol":{"l":{"40":2,"41":2,"48":2,"49":2,"51":2,"52":2,"53":2,"55":0,"56":0,"58":0,"59":0,"63":2,"67":2,"71":2,"72":2,"74":2},"path":"/Users/liam/cf/code/counterfactual/packages/ethereum/contracts/modules/TicTacToeModule.sol","s":{"1":2,"2":2,"3":2,"4":2,"5":2,"6":2,"7":2,"8":0,"9":0,"10":0,"11":0,"12":0,"13":2,"14":2,"15":2,"16":2,"17":2},"b":{"1":[2,0],"2":[0,0]},"f":{"1":2,"2":2},"fnMap":{"1":{"name":null,"line":34,"loc":{"start":{"line":34,"column":1},"end":{"line":39,"column":2}}},"2":{"name":"interpret","line":44,"loc":{"start":{"line":44,"column":1},"end":{"line":48,"column":2}}}},"statementMap":{"1":{"start":{"line":40,"column":2},"end":{"line":40,"column":17}},"2":{"start":{"line":41,"column":2},"end":{"line":41,"column":19}},"3":{"start":{"line":49,"column":2},"end":{"line":49,"column":71}},"4":{"start":{"line":50,"column":2},"end":{"line":50,"column":44}},"5":{"start":{"line":52,"column":2},"end":{"line":52,"column":791}},"6":{"start":{"line":53,"column":3},"end":{"line":53,"column":22}},"7":{"start":{"line":54,"column":3},"end":{"line":54,"column":16}},"8":{"start":{"line":55,"column":9},"end":{"line":55,"column":886}},"9":{"start":{"line":56,"column":3},"end":{"line":56,"column":16}},"10":{"start":{"line":57,"column":3},"end":{"line":57,"column":22}},"11":{"start":{"line":59,"column":3},"end":{"line":59,"column":26}},"12":{"start":{"line":60,"column":3},"end":{"line":60,"column":26}},"13":{"start":{"line":64,"column":2},"end":{"line":64,"column":1111}},"14":{"start":{"line":68,"column":2},"end":{"line":68,"column":1228}},"15":{"start":{"line":72,"column":2},"end":{"line":72,"column":51}},"16":{"start":{"line":73,"column":2},"end":{"line":73,"column":51}},"17":{"start":{"line":75,"column":2},"end":{"line":75,"column":29}}},"branchMap":{"1":{"line":52,"type":"if","locations":[{"start":{"line":52,"column":2},"end":{"line":52,"column":2}},{"start":{"line":52,"column":2},"end":{"line":52,"column":2}}]},"2":{"line":55,"type":"if","locations":[{"start":{"line":55,"column":9},"end":{"line":55,"column":9}},{"start":{"line":55,"column":9},"end":{"line":55,"column":9}}]}}},"contracts/modules/WithdrawModule.sol":{"l":{"23":2,"24":2,"25":2,"26":2},"path":"/Users/liam/cf/code/counterfactual/packages/ethereum/contracts/modules/WithdrawModule.sol","s":{"1":2,"2":2,"3":2,"4":2},"b":{},"f":{"1":2},"fnMap":{"1":{"name":"interpret","line":19,"loc":{"start":{"line":19,"column":1},"end":{"line":23,"column":2}}}},"statementMap":{"1":{"start":{"line":24,"column":2},"end":{"line":24,"column":66}},"2":{"start":{"line":25,"column":2},"end":{"line":25,"column":81}},"3":{"start":{"line":26,"column":2},"end":{"line":26,"column":63}},"4":{"start":{"line":27,"column":2},"end":{"line":27,"column":24}}},"branchMap":{}},"contracts/multisig/MinimumViableMultisig.sol":{"l":{"28":10,"29":10,"30":10,"31":10,"46":12,"47":12,"48":12,"49":12,"55":12,"56":12,"59":12,"61":12,"73":24,"80":0,"86":12,"87":0,"89":12,"96":0,"105":12},"path":"/Users/liam/cf/code/counterfactual/packages/ethereum/contracts/multisig/MinimumViableMultisig.sol","s":{"1":10,"2":10,"3":10,"4":10,"5":12,"6":12,"7":12,"8":12,"9":12,"10":12,"11":12,"12":12,"13":24,"14":0,"15":12,"16":0,"17":12,"18":12},"b":{"1":[10,0],"2":[12,0],"3":[12,0],"4":[0,12],"5":[0,0],"6":[12,0],"7":[12,0]},"f":{"1":13,"2":10,"3":12,"4":24,"5":0,"6":12,"7":0,"8":12},"fnMap":{"1":{"name":null,"line":18,"loc":{"start":{"line":18,"column":1},"end":{"line":21,"column":2}}},"2":{"name":"setup","line":25,"loc":{"start":{"line":25,"column":1},"end":{"line":27,"column":2}}},"3":{"name":"execTransaction","line":35,"loc":{"start":{"line":35,"column":1},"end":{"line":45,"column":2}}},"4":{"name":"getTransactionHash","line":64,"loc":{"start":{"line":64,"column":1},"end":{"line":73,"column":2}}},"5":{"name":"getOwners","line":77,"loc":{"start":{"line":77,"column":1},"end":{"line":81,"column":2}}},"6":{"name":"execute","line":85,"loc":{"start":{"line":85,"column":1},"end":{"line":87,"column":2}}},"7":{"name":"executeCall","line":94,"loc":{"start":{"line":94,"column":1},"end":{"line":97,"column":2}}},"8":{"name":"executeDelegateCall","line":103,"loc":{"start":{"line":103,"column":1},"end":{"line":106,"column":2}}}},"statementMap":{"1":{"start":{"line":28,"column":2},"end":{"line":28,"column":17}},"2":{"start":{"line":29,"column":2},"end":{"line":29,"column":344}},"3":{"start":{"line":30,"column":3},"end":{"line":30,"column":26}},"4":{"start":{"line":31,"column":3},"end":{"line":31,"column":28}},"5":{"start":{"line":46,"column":2},"end":{"line":46,"column":73}},"6":{"start":{"line":47,"column":2},"end":{"line":47,"column":31}},"7":{"start":{"line":48,"column":2},"end":{"line":48,"column":723}},"8":{"start":{"line":49,"column":3},"end":{"line":49,"column":773}},"9":{"start":{"line":55,"column":3},"end":{"line":55,"column":32}},"10":{"start":{"line":56,"column":3},"end":{"line":56,"column":23}},"11":{"start":{"line":59,"column":2},"end":{"line":59,"column":36}},"12":{"start":{"line":61,"column":2},"end":{"line":61,"column":35}},"13":{"start":{"line":74,"column":2},"end":{"line":74,"column":82}},"14":{"start":{"line":82,"column":2},"end":{"line":82,"column":15}},"15":{"start":{"line":88,"column":2},"end":{"line":88,"column":1496}},"16":{"start":{"line":89,"column":3},"end":{"line":89,"column":39}},"17":{"start":{"line":90,"column":7},"end":{"line":90,"column":1578}},"18":{"start":{"line":91,"column":3},"end":{"line":91,"column":40}}},"branchMap":{"1":{"line":30,"type":"if","locations":[{"start":{"line":30,"column":3},"end":{"line":30,"column":3}},{"start":{"line":30,"column":3},"end":{"line":30,"column":3}}]},"2":{"line":49,"type":"if","locations":[{"start":{"line":49,"column":3},"end":{"line":49,"column":3}},{"start":{"line":49,"column":3},"end":{"line":49,"column":3}}]},"3":{"line":55,"type":"if","locations":[{"start":{"line":55,"column":3},"end":{"line":55,"column":3}},{"start":{"line":55,"column":3},"end":{"line":55,"column":3}}]},"4":{"line":88,"type":"if","locations":[{"start":{"line":88,"column":2},"end":{"line":88,"column":2}},{"start":{"line":88,"column":2},"end":{"line":88,"column":2}}]},"5":{"line":89,"type":"if","locations":[{"start":{"line":89,"column":3},"end":{"line":89,"column":3}},{"start":{"line":89,"column":3},"end":{"line":89,"column":3}}]},"6":{"line":90,"type":"if","locations":[{"start":{"line":90,"column":7},"end":{"line":90,"column":7}},{"start":{"line":90,"column":7},"end":{"line":90,"column":7}}]},"7":{"line":91,"type":"if","locations":[{"start":{"line":91,"column":3},"end":{"line":91,"column":3}},{"start":{"line":91,"column":3},"end":{"line":91,"column":3}}]}}},"contracts/registry/RegistryAddressLib.sol":{"l":{"15":81,"17":81,"18":53,"21":28},"path":"/Users/liam/cf/code/counterfactual/packages/ethereum/contracts/registry/RegistryAddressLib.sol","s":{"1":81,"2":81,"3":53,"4":28},"b":{"1":[53,28]},"f":{"1":81},"fnMap":{"1":{"name":"lookup","line":14,"loc":{"start":{"line":14,"column":1},"end":{"line":14,"column":70}}}},"statementMap":{"1":{"start":{"line":15,"column":2},"end":{"line":15,"column":48}},"2":{"start":{"line":17,"column":2},"end":{"line":17,"column":317}},"3":{"start":{"line":18,"column":3},"end":{"line":18,"column":34}},"4":{"start":{"line":21,"column":2},"end":{"line":21,"column":60}}},"branchMap":{"1":{"line":17,"type":"if","locations":[{"start":{"line":17,"column":2},"end":{"line":17,"column":2}},{"start":{"line":17,"column":2},"end":{"line":17,"column":2}}]}}},"contracts/registry/RegistryCallLib.sol":{"l":{"16":0,"17":0,"18":0},"path":"/Users/liam/cf/code/counterfactual/packages/ethereum/contracts/registry/RegistryCallLib.sol","s":{"1":0,"2":0,"3":0},"b":{"1":[0,0],"2":[0,0]},"f":{"1":0},"fnMap":{"1":{"name":"proxyCall","line":9,"loc":{"start":{"line":9,"column":1},"end":{"line":15,"column":2}}}},"statementMap":{"1":{"start":{"line":16,"column":2},"end":{"line":16,"column":60}},"2":{"start":{"line":17,"column":2},"end":{"line":17,"column":19}},"3":{"start":{"line":18,"column":2},"end":{"line":18,"column":23}}},"branchMap":{"1":{"line":17,"type":"if","locations":[{"start":{"line":17,"column":2},"end":{"line":17,"column":2}},{"start":{"line":17,"column":2},"end":{"line":17,"column":2}}]},"2":{"line":18,"type":"if","locations":[{"start":{"line":18,"column":2},"end":{"line":18,"column":2}},{"start":{"line":18,"column":2},"end":{"line":18,"column":2}}]}}},"contracts/registry/RegistryInterface.sol":{"l":{},"path":"/Users/liam/cf/code/counterfactual/packages/ethereum/contracts/registry/RegistryInterface.sol","s":{},"b":{},"f":{},"fnMap":{},"statementMap":{},"branchMap":{}},"contracts/transfer/AssetDispatcher.sol":{"l":{"16":12,"17":27,"18":27,"19":27,"22":21,"30":0,"31":0},"path":"/Users/liam/cf/code/counterfactual/packages/ethereum/contracts/transfer/AssetDispatcher.sol","s":{"1":12,"2":27,"3":27,"4":27,"5":0,"6":0},"b":{"1":[21,6],"2":[0,0]},"f":{"1":12,"2":0},"fnMap":{"1":{"name":"transferETH","line":15,"loc":{"start":{"line":15,"column":1},"end":{"line":15,"column":69}}},"2":{"name":"transferERC20","line":29,"loc":{"start":{"line":29,"column":1},"end":{"line":29,"column":73}}}},"statementMap":{"1":{"start":{"line":16,"column":2},"end":{"line":16,"column":418}},"2":{"start":{"line":17,"column":3},"end":{"line":17,"column":38}},"3":{"start":{"line":18,"column":3},"end":{"line":18,"column":37}},"4":{"start":{"line":19,"column":3},"end":{"line":19,"column":551}},"5":{"start":{"line":30,"column":2},"end":{"line":30,"column":875}},"6":{"start":{"line":31,"column":3},"end":{"line":31,"column":927}}},"branchMap":{"1":{"line":19,"type":"if","locations":[{"start":{"line":19,"column":3},"end":{"line":19,"column":3}},{"start":{"line":19,"column":3},"end":{"line":19,"column":3}}]},"2":{"line":31,"type":"if","locations":[{"start":{"line":31,"column":3},"end":{"line":31,"column":3}},{"start":{"line":31,"column":3},"end":{"line":31,"column":3}}]}}},"contracts/transfer/AssetLib.sol":{"l":{},"path":"/Users/liam/cf/code/counterfactual/packages/ethereum/contracts/transfer/AssetLib.sol","s":{},"b":{},"f":{},"fnMap":{},"statementMap":{},"branchMap":{}},"contracts/transfer/CallLib.sol":{"l":{"24":4,"34":24,"35":24,"45":8,"46":8,"47":8,"48":0,"50":8,"52":0,"57":24,"67":24},"path":"/Users/liam/cf/code/counterfactual/packages/ethereum/contracts/transfer/CallLib.sol","s":{"1":4,"2":24,"3":24,"4":8,"5":8,"6":8,"7":0,"8":8,"9":0,"10":24},"b":{"1":[24,0],"2":[8,0]},"f":{"1":4,"2":24,"3":8,"4":24},"fnMap":{"1":{"name":"isEqual","line":16,"loc":{"start":{"line":16,"column":1},"end":{"line":23,"column":2}}},"2":{"name":"apply","line":27,"loc":{"start":{"line":27,"column":1},"end":{"line":33,"column":2}}},"3":{"name":"compose","line":38,"loc":{"start":{"line":38,"column":1},"end":{"line":44,"column":2}}},"4":{"name":"returnedDataDecoded","line":56,"loc":{"start":{"line":56,"column":1},"end":{"line":56,"column":66}}}},"statementMap":{"1":{"start":{"line":24,"column":2},"end":{"line":24,"column":66}},"2":{"start":{"line":34,"column":2},"end":{"line":34,"column":54}},"3":{"start":{"line":35,"column":2},"end":{"line":35,"column":30}},"4":{"start":{"line":45,"column":2},"end":{"line":45,"column":744}},"5":{"start":{"line":46,"column":3},"end":{"line":46,"column":42}},"6":{"start":{"line":47,"column":3},"end":{"line":47,"column":817}},"7":{"start":{"line":48,"column":4},"end":{"line":48,"column":29}},"8":{"start":{"line":50,"column":3},"end":{"line":50,"column":13}},"9":{"start":{"line":52,"column":3},"end":{"line":52,"column":14}},"10":{"start":{"line":67,"column":2},"end":{"line":67,"column":12}}},"branchMap":{"1":{"line":34,"type":"if","locations":[{"start":{"line":34,"column":2},"end":{"line":34,"column":2}},{"start":{"line":34,"column":2},"end":{"line":34,"column":2}}]},"2":{"line":45,"type":"if","locations":[{"start":{"line":45,"column":2},"end":{"line":45,"column":2}},{"start":{"line":45,"column":2},"end":{"line":45,"column":2}}]}}},"contracts/transfer/ConditionalTransfer.sol":{"l":{"21":12,"22":4,"42":12,"44":12,"46":12,"48":12,"49":8,"51":4,"54":12},"path":"/Users/liam/cf/code/counterfactual/packages/ethereum/contracts/transfer/ConditionalTransfer.sol","s":{"1":12,"2":4,"3":12,"4":12,"5":12,"6":8,"7":4,"8":12},"b":{"1":[4,0],"2":[8,4],"3":[12,0]},"f":{"1":12,"2":12},"fnMap":{"1":{"name":"requireAllConditions","line":20,"loc":{"start":{"line":20,"column":1},"end":{"line":20,"column":62}}},"2":{"name":"makeConditionalTransfer","line":33,"loc":{"start":{"line":33,"column":1},"end":{"line":40,"column":2}}}},"statementMap":{"1":{"start":{"line":21,"column":2},"end":{"line":21,"column":539}},"2":{"start":{"line":22,"column":3},"end":{"line":22,"column":593}},"3":{"start":{"line":42,"column":2},"end":{"line":42,"column":33}},"4":{"start":{"line":44,"column":2},"end":{"line":44,"column":60}},"5":{"start":{"line":48,"column":2},"end":{"line":48,"column":1116}},"6":{"start":{"line":49,"column":3},"end":{"line":49,"column":51}},"7":{"start":{"line":51,"column":3},"end":{"line":51,"column":23}},"8":{"start":{"line":54,"column":2},"end":{"line":54,"column":1250}}},"branchMap":{"1":{"line":22,"type":"if","locations":[{"start":{"line":22,"column":3},"end":{"line":22,"column":3}},{"start":{"line":22,"column":3},"end":{"line":22,"column":3}}]},"2":{"line":48,"type":"if","locations":[{"start":{"line":48,"column":2},"end":{"line":48,"column":2}},{"start":{"line":48,"column":2},"end":{"line":48,"column":2}}]},"3":{"line":54,"type":"if","locations":[{"start":{"line":54,"column":2},"end":{"line":54,"column":2}},{"start":{"line":54,"column":2},"end":{"line":54,"column":2}}]}}},"contracts/transfer/forwarders/ETHForwarder.sol":{"l":{"23":2,"24":2,"31":2,"32":2,"34":2,"36":1,"37":1,"38":1,"42":1,"43":1,"44":0,"47":0},"path":"/Users/liam/cf/code/counterfactual/packages/ethereum/contracts/transfer/forwarders/ETHForwarder.sol","s":{"1":2,"2":2,"3":2,"4":2,"5":2,"6":1,"7":1,"8":1,"9":1,"10":0,"11":0,"12":0},"b":{"1":[1,1],"2":[1,0],"3":[0,0]},"f":{"1":2,"2":2},"fnMap":{"1":{"name":null,"line":19,"loc":{"start":{"line":19,"column":1},"end":{"line":22,"column":11}}},"2":{"name":null,"line":27,"loc":{"start":{"line":27,"column":1},"end":{"line":30,"column":2}}}},"statementMap":{"1":{"start":{"line":23,"column":2},"end":{"line":23,"column":32}},"2":{"start":{"line":24,"column":2},"end":{"line":24,"column":34}},"3":{"start":{"line":31,"column":2},"end":{"line":31,"column":27}},"4":{"start":{"line":32,"column":2},"end":{"line":32,"column":26}},"5":{"start":{"line":34,"column":2},"end":{"line":34,"column":789}},"6":{"start":{"line":37,"column":3},"end":{"line":37,"column":28}},"7":{"start":{"line":38,"column":3},"end":{"line":38,"column":46}},"8":{"start":{"line":40,"column":9},"end":{"line":40,"column":944}},"9":{"start":{"line":43,"column":3},"end":{"line":43,"column":27}},"10":{"start":{"line":44,"column":3},"end":{"line":44,"column":47}},"11":{"start":{"line":46,"column":9},"end":{"line":46,"column":1101}},"12":{"start":{"line":47,"column":3},"end":{"line":47,"column":14}}},"branchMap":{"1":{"line":34,"type":"if","locations":[{"start":{"line":34,"column":2},"end":{"line":34,"column":2}},{"start":{"line":34,"column":2},"end":{"line":34,"column":2}}]},"2":{"line":40,"type":"if","locations":[{"start":{"line":40,"column":9},"end":{"line":40,"column":9}},{"start":{"line":40,"column":9},"end":{"line":40,"column":9}}]},"3":{"line":46,"type":"if","locations":[{"start":{"line":46,"column":9},"end":{"line":46,"column":9}},{"start":{"line":46,"column":9},"end":{"line":46,"column":9}}]}}}}